<?xml version="1.0" encoding="UTF-8" ?>
<testsuite tests="9" failures="0" name="hu.unideb.inf.RunCucumberTest" time="49.397" errors="0" skipped="0">
  <properties>
[...]
</properties>
  <testcase classname="ContactUs feature test" name="Invalid email address" time="14.26"/>
  <testcase classname="ContactUs feature test" name="Blank message" time="4.528"/>
  <testcase classname="ContactUs feature test" name="Unselected subject" time="5.787"/>
  <testcase classname="ContactUs feature test" name="Message Sent" time="6.513"/>
  <testcase classname="ContactUs feature test" name="Close browser" time="0.001"/>
  <testcase classname="Search test" name="Empty search" time="3.996"/>
  <testcase classname="Search test" name="EMPTY_NAME" time="3.741"/>
  <testcase classname="Search test" name="EMPTY_NAME" time="5.681"/>
  <testcase classname="Search test" name="EMPTY_NAME" time="4.89"/>
</testsuite>